0 info it worked if it ends with ok
1 verbose cli [ '/usr/bin/node', '/usr/bin/npm', 'install', 'common@7.2.0' ]
2 info using npm@3.5.2
3 info using node@v8.10.0
4 silly loadCurrentTree Starting
5 silly install loadCurrentTree
6 silly install readLocalPackageData
7 silly fetchPackageMetaData common@7.2.0
8 silly fetchNamedPackageData common
9 silly mapToRegistry name common
10 silly mapToRegistry using default registry
11 silly mapToRegistry registry https://registry.npmjs.org/
12 silly mapToRegistry uri https://registry.npmjs.org/common
13 verbose request uri https://registry.npmjs.org/common
14 verbose request no auth needed
15 info attempt registry request try #1 at 2:12:08 PM
16 verbose request id 0cf3a1c5e04efeb8
17 http request GET https://registry.npmjs.org/common
18 http 200 https://registry.npmjs.org/common
19 verbose headers { date: 'Fri, 18 Jan 2019 17:12:38 GMT',
19 verbose headers   'content-type': 'application/json; charset=UTF-8',
19 verbose headers   'transfer-encoding': 'chunked',
19 verbose headers   connection: 'keep-alive',
19 verbose headers   'set-cookie':
19 verbose headers    [ '__cfduid=db0207ebf3bb8545f397c092cc61dfb031547831558; expires=Sat, 18-Jan-20 17:12:38 GMT; path=/; domain=.registry.npmjs.org; HttpOnly' ],
19 verbose headers   'cf-cache-status': 'REVALIDATED',
19 verbose headers   'cache-control': 'max-age=300',
19 verbose headers   'cf-ray': '49b2b0064e1f4bff-GRU',
19 verbose headers   etag: 'W/"353a03e0fa65ae39b6a578d0cb41111e"',
19 verbose headers   'expect-ct': 'max-age=604800, report-uri="https://report-uri.cloudflare.com/cdn-cgi/beacon/expect-ct"',
19 verbose headers   'last-modified': 'Sat, 26 May 2018 20:22:19 GMT',
19 verbose headers   vary: 'accept-encoding, accept',
19 verbose headers   server: 'cloudflare',
19 verbose headers   'content-encoding': 'gzip' }
20 silly get cb [ 200,
20 silly get   { date: 'Fri, 18 Jan 2019 17:12:38 GMT',
20 silly get     'content-type': 'application/json; charset=UTF-8',
20 silly get     'transfer-encoding': 'chunked',
20 silly get     connection: 'keep-alive',
20 silly get     'set-cookie':
20 silly get      [ '__cfduid=db0207ebf3bb8545f397c092cc61dfb031547831558; expires=Sat, 18-Jan-20 17:12:38 GMT; path=/; domain=.registry.npmjs.org; HttpOnly' ],
20 silly get     'cf-cache-status': 'REVALIDATED',
20 silly get     'cache-control': 'max-age=300',
20 silly get     'cf-ray': '49b2b0064e1f4bff-GRU',
20 silly get     etag: 'W/"353a03e0fa65ae39b6a578d0cb41111e"',
20 silly get     'expect-ct': 'max-age=604800, report-uri="https://report-uri.cloudflare.com/cdn-cgi/beacon/expect-ct"',
20 silly get     'last-modified': 'Sat, 26 May 2018 20:22:19 GMT',
20 silly get     vary: 'accept-encoding, accept',
20 silly get     server: 'cloudflare',
20 silly get     'content-encoding': 'gzip' } ]
21 verbose get saving common to /home/isaias/.npm/registry.npmjs.org/common/.cache.json
22 silly fetchPackageMetaData Error: No compatible version found: common@7.2.0
22 silly fetchPackageMetaData Valid install targets:
22 silly fetchPackageMetaData 0.2.5, 0.2.4, 0.2.3, 0.2.1, 0.2.0, 0.1.4, 0.1.3, 0.1.2, 0.1.1, 0.1.0
22 silly fetchPackageMetaData
22 silly fetchPackageMetaData     at pickVersionFromRegistryDocument (/usr/share/npm/lib/fetch-package-metadata.js:156:16)
22 silly fetchPackageMetaData     at /usr/share/npm/node_modules/iferr/index.js:13:50
22 silly fetchPackageMetaData     at /usr/share/npm/lib/utils/pulse-till-done.js:19:8
22 silly fetchPackageMetaData     at saved (/usr/share/npm/lib/cache/caching-client.js:168:7)
22 silly fetchPackageMetaData     at /usr/share/npm/node_modules/graceful-fs/polyfills.js:210:7
22 silly fetchPackageMetaData     at FSReqWrap.oncomplete (fs.js:135:15)
22 silly fetchPackageMetaData  error for common@7.2.0 Error: No compatible version found: common@7.2.0
22 silly fetchPackageMetaData Valid install targets:
22 silly fetchPackageMetaData 0.2.5, 0.2.4, 0.2.3, 0.2.1, 0.2.0, 0.1.4, 0.1.3, 0.1.2, 0.1.1, 0.1.0
22 silly fetchPackageMetaData
22 silly fetchPackageMetaData     at pickVersionFromRegistryDocument (/usr/share/npm/lib/fetch-package-metadata.js:156:16)
22 silly fetchPackageMetaData     at /usr/share/npm/node_modules/iferr/index.js:13:50
22 silly fetchPackageMetaData     at /usr/share/npm/lib/utils/pulse-till-done.js:19:8
22 silly fetchPackageMetaData     at saved (/usr/share/npm/lib/cache/caching-client.js:168:7)
22 silly fetchPackageMetaData     at /usr/share/npm/node_modules/graceful-fs/polyfills.js:210:7
22 silly fetchPackageMetaData     at FSReqWrap.oncomplete (fs.js:135:15)
23 silly rollbackFailedOptional Starting
24 silly rollbackFailedOptional Finishing
25 silly runTopLevelLifecycles Starting
26 silly runTopLevelLifecycles Finishing
27 silly install printInstalled
28 verbose stack Error: No compatible version found: common@7.2.0
28 verbose stack Valid install targets:
28 verbose stack 0.2.5, 0.2.4, 0.2.3, 0.2.1, 0.2.0, 0.1.4, 0.1.3, 0.1.2, 0.1.1, 0.1.0
28 verbose stack
28 verbose stack     at pickVersionFromRegistryDocument (/usr/share/npm/lib/fetch-package-metadata.js:156:16)
28 verbose stack     at /usr/share/npm/node_modules/iferr/index.js:13:50
28 verbose stack     at /usr/share/npm/lib/utils/pulse-till-done.js:19:8
28 verbose stack     at saved (/usr/share/npm/lib/cache/caching-client.js:168:7)
28 verbose stack     at /usr/share/npm/node_modules/graceful-fs/polyfills.js:210:7
28 verbose stack     at FSReqWrap.oncomplete (fs.js:135:15)
29 verbose cwd /home/isaias/Documentos/github/rotas
30 error Linux 4.15.0-43-generic
31 error argv "/usr/bin/node" "/usr/bin/npm" "install" "common@7.2.0"
32 error node v8.10.0
33 error npm  v3.5.2
34 error No compatible version found: common@7.2.0
34 error Valid install targets:
34 error 0.2.5, 0.2.4, 0.2.3, 0.2.1, 0.2.0, 0.1.4, 0.1.3, 0.1.2, 0.1.1, 0.1.0
35 error If you need help, you may report this error at:
35 error     <https://github.com/npm/npm/issues>
36 verbose exit [ 1, true ]
